0:100  0:100  MemLog inited, TSC freq: 3399992869
0:100  0:000  CPU was calibrated with ACPI PM Timer
0:100  0:000  CloverX64 : Image base = 0x717DD000
0:100  0:000  Clover ImageHandle = 6eb08d98
0:105  0:005  === [ Starting Clover ] =========================
0:105  0:000  Now is 03.07.2022,  19:35:51 (GMT)
0:105  0:000  Starting Clover revision: 5147 (master, commit 5f44b37c8) on Dell Inc. EFI
0:105  0:000  Build id: 20220629212753-5f44b37-5147
0:105  0:000  Build with: [Args: -D NO_GRUB_DRIVERS_EMBEDDED -D LESS_DEBUG -t GCC53 | --cmd-len=50000 -D NO_GRUB_DRIVERS_EMBEDDED -D LESS_DEBUG --conf=/Users/sergey/src/CloverBootloader/Conf -D USE_LOW_EBDA -a X64 -b RELEASE -t GCC53 -n 5 | OS: 10.14.6]
0:105  0:000  === [ Get Smbios ] ==============================
0:105  0:000  Type 16 Index = 0
0:105  0:000  Total Memory Slots Count = 24
0:105  0:000  Type 17 Index = 0
0:105  0:000  SmbiosTable.Type17->SlotIndex = 0
0:105  0:000  SmbiosTable.Type17->ModuleSize = 16384MB
0:105  0:000  SmbiosTable.Type17->Type = 0
0:105  0:000  SmbiosTable.Type17->Frequency = 2133MHz
0:105  0:000  SmbiosTable.Type17->Bank/Device =  A1
0:105  0:000  SmbiosTable.Type17->Vendor = 00CE063200CE
0:105  0:000  SmbiosTable.Type17->SerialNo = 39CC7666
0:105  0:000  SmbiosTable.Type17->PartNo = M393A2G40DB0-CPB
0:105  0:000  Type 17 Index = 1
0:105  0:000  SmbiosTable.Type17->SlotIndex = 1
0:105  0:000  SmbiosTable.Type17->ModuleSize = 16384MB
0:105  0:000  SmbiosTable.Type17->Type = 0
0:105  0:000  SmbiosTable.Type17->Frequency = 2133MHz
0:105  0:000  SmbiosTable.Type17->Bank/Device =  A2
0:105  0:000  SmbiosTable.Type17->Vendor = 00CE063200CE
0:105  0:000  SmbiosTable.Type17->SerialNo = 39CC771E
0:105  0:000  SmbiosTable.Type17->PartNo = M393A2G40DB0-CPB
0:105  0:000  Type 17 Index = 2
0:105  0:000  Ignoring insane frequency value 0MHz
0:105  0:000  Type 17 Index = 3
0:105  0:000  Ignoring insane frequency value 0MHz
0:105  0:000  Type 17 Index = 4
0:105  0:000  Ignoring insane frequency value 0MHz
0:105  0:000  Type 17 Index = 5
0:105  0:000  Ignoring insane frequency value 0MHz
0:105  0:000  Type 17 Index = 6
0:105  0:000  Ignoring insane frequency value 0MHz
0:105  0:000  Type 17 Index = 7
0:105  0:000  Ignoring insane frequency value 0MHz
0:105  0:000  Type 17 Index = 8
0:105  0:000  Ignoring insane frequency value 0MHz
0:105  0:000  Type 17 Index = 9
0:105  0:000  Ignoring insane frequency value 0MHz
0:105  0:000  Type 17 Index = 10
0:105  0:000  Ignoring insane frequency value 0MHz
0:105  0:000  Type 17 Index = 11
0:105  0:000  Ignoring insane frequency value 0MHz
0:105  0:000  Type 17 Index = 12
0:105  0:000  SmbiosTable.Type17->SlotIndex = 12
0:105  0:000  SmbiosTable.Type17->ModuleSize = 16384MB
0:105  0:000  SmbiosTable.Type17->Type = 0
0:105  0:000  SmbiosTable.Type17->Frequency = 2133MHz
0:105  0:000  SmbiosTable.Type17->Bank/Device =  B1
0:105  0:000  SmbiosTable.Type17->Vendor = 00CE063200CE
0:105  0:000  SmbiosTable.Type17->SerialNo = 39CC6A3C
0:105  0:000  SmbiosTable.Type17->PartNo = M393A2G40DB0-CPB
0:105  0:000  Type 17 Index = 13
0:105  0:000  SmbiosTable.Type17->SlotIndex = 13
0:105  0:000  SmbiosTable.Type17->ModuleSize = 16384MB
0:105  0:000  SmbiosTable.Type17->Type = 0
0:105  0:000  SmbiosTable.Type17->Frequency = 2133MHz
0:105  0:000  SmbiosTable.Type17->Bank/Device =  B2
0:105  0:000  SmbiosTable.Type17->Vendor = 00CE063200CE
0:105  0:000  SmbiosTable.Type17->SerialNo = 39CC6AB1
0:105  0:000  SmbiosTable.Type17->PartNo = M393A2G40DB0-CPB
0:105  0:000  Type 17 Index = 14
0:105  0:000  Ignoring insane frequency value 0MHz
0:105  0:000  Type 17 Index = 15
0:105  0:000  Ignoring insane frequency value 0MHz
0:105  0:000  Type 17 Index = 16
0:105  0:000  Ignoring insane frequency value 0MHz
0:105  0:000  Type 17 Index = 17
0:105  0:000  Ignoring insane frequency value 0MHz
0:105  0:000  Type 17 Index = 18
0:105  0:000  Ignoring insane frequency value 0MHz
0:105  0:000  Type 17 Index = 19
0:105  0:000  Ignoring insane frequency value 0MHz
0:105  0:000  Type 17 Index = 20
0:105  0:000  Ignoring insane frequency value 0MHz
0:105  0:000  Type 17 Index = 21
0:105  0:000  Ignoring insane frequency value 0MHz
0:105  0:000  Type 17 Index = 22
0:105  0:000  Ignoring insane frequency value 0MHz
0:105  0:000  Type 17 Index = 23
0:105  0:000  Ignoring insane frequency value 0MHz
0:105  0:000  Boot status=0
0:105  0:000  Running on: 'PowerEdge R630' with board '0CNCJW'
0:105  0:000  === [ GetCPUProperties ] ========================
0:105  0:000  CPU Vendor = 756E6547 Model=306F2
0:105  0:000   The CPU supported SSE4.1
0:105  0:000   The CPU supported RDRAND
0:105  0:000  BrandString = Intel(R) Xeon(R) CPU E5-2643 v3 @ 3.40GHz
0:105  0:000   The CPU supported turbo
0:105  0:000   Energy PerfBias is  visible:
0:105  0:000  MSR 0x35               6000C
0:105  0:000  MSR 0xE2 before patch 00008403
0:105  0:000  MSR 0xE2 is locked, PM patches will be turned on
0:105  0:000  MSR 0xCE              20080C33_F3812200
0:105  0:000  MSR 0x1B0             00000007
0:105  0:000  FSBFrequency = 100 MHz, DMI FSBFrequency = 9600 MHz, Corrected FSBFrequency = 100 MHz
0:105  0:000  MaxDiv/MinDiv: 34.0/12
0:105  0:000  Turbo: 36/36/37/37
0:105  0:000  Features: 0x77FEFBFFBFEBFBFF
0:105  0:000  Threads: 12
0:105  0:000  Cores: 6
0:105  0:000  FSB: 100 MHz
0:105  0:000  CPU: 3400 MHz
0:105  0:000  TSC: 3400 MHz
0:105  0:000  PIS: 400 MHz
0:105  0:000  ExternalClock: 100 MHz
0:105  0:000  === [ GetDevices ] ==============================
0:105  0:000  Found more than one GOP protocol ??? Using the first one
0:105  0:000  GOP found at: PciRoot(0x0)/Pci(0x1C,0x7)/Pci(0x0,0x0)/Pci(0x0,0x0)/Pci(0x0,0x0)/Pci(0x0,0x0)/AcpiAdr(0x80010100)
0:105  0:000  PCI (00|00:00.00) : 8086 2F00 class=060000
0:105  0:000  PCI (00|00:01.00) : 8086 2F02 class=060400
0:105  0:000  PCI (00|02:00.00) : 1000 005D class=010400
0:105  0:000  PCI (00|00:02.00) : 8086 2F04 class=060400
0:105  0:000  PCI (00|03:00.00) : 1E4B 1202 class=010802
0:105  0:000  PCI (00|00:02.01) : 8086 2F05 class=060400
0:105  0:000  PCI (00|00:02.02) : 8086 2F06 class=060400
0:105  0:000  PCI (00|00:02.03) : 8086 2F07 class=060400
0:105  0:000  PCI (00|00:03.00) : 8086 2F08 class=060400
0:105  0:000  PCI (00|01:00.00) : 14E4 168A class=020000
0:105  0:000   - LAN: 1 Vendor=Broadcom
0:105  0:000  Legacy MAC address of LAN #0= AD:DE:AD:DE:AD:DE:
0:105  0:000  PCI (00|01:00.01) : 14E4 168A class=020000
0:105  0:000   - LAN: 2 Vendor=Broadcom
0:105  0:000  Legacy MAC address of LAN #1= AD:DE:AD:DE:AD:DE:
0:105  0:000  PCI (00|01:00.02) : 14E4 168A class=020000
0:105  0:000   - LAN: 3 Vendor=Broadcom
0:105  0:000  Legacy MAC address of LAN #2= AD:DE:AD:DE:AD:DE:
0:105  0:000  PCI (00|01:00.03) : 14E4 168A class=020000
0:105  0:000   - LAN: 4 Vendor=Broadcom
0:105  0:000  Legacy MAC address of LAN #3= AD:DE:AD:DE:AD:DE:
0:105  0:000  PCI (00|00:03.02) : 8086 2F0A class=060400
0:105  0:000  PCI (00|00:05.00) : 8086 2F28 class=088000
0:105  0:000  PCI (00|00:05.01) : 8086 2F29 class=088000
0:105  0:000  PCI (00|00:05.02) : 8086 2F2A class=088000
0:105  0:000  PCI (00|00:05.04) : 8086 2F2C class=080020
0:105  0:000  PCI (00|00:11.00) : 8086 8D7C class=FF0000
0:105  0:000  PCI (00|00:11.04) : 8086 8D62 class=010601
0:105  0:000  PCI (00|00:14.00) : 8086 8D31 class=0C0330
0:105  0:000  PCI (00|00:16.00) : 8086 8D3A class=078000
0:105  0:000  PCI (00|00:16.01) : 8086 8D3B class=078000
0:105  0:000  PCI (00|00:1A.00) : 8086 8D2D class=0C0320
0:106  0:000  PCI (00|00:1C.00) : 8086 8D10 class=060400
0:106  0:000  PCI (00|00:1C.07) : 8086 8D1E class=060400
0:106  0:000  PCI (00|09:00.00) : 1912 001D class=060400
0:107  0:000  PCI (00|0A:00.00) : 1912 001D class=060400
0:107  0:000  PCI (00|0B:00.00) : 1912 001A class=060400
0:108  0:000  PCI (00|0C:00.00) : 102B 0534 class=030000
0:108  0:000   - GOP: Provided by device
0:109  0:000  PCI (00|0A:01.00) : FFFF FFFF class=060400
0:110  0:000  PCI (00|0D:00.00) : FFFF FFFF class=FFFFFF
0:110  0:000  PCI (00|00:1D.00) : 8086 8D26 class=0C0320
0:110  0:000  PCI (00|00:1F.00) : 8086 8D44 class=060100
0:110  0:000  PCI (00|00:1F.02) : 8086 8D02 class=010601
0:110  0:000  PCI (00|00:1F.03) : FFFF FFFF class=FFFFFF
0:110  0:000  PCI (00|00:1F.06) : FFFF FFFF class=FFFFFF
0:110  0:000  PCI (00|80:01.00) : 8086 2F02 class=060400
0:110  0:000  PCI (00|80:03.00) : 8086 2F08 class=060400
0:110  0:000  PCI (00|80:05.00) : 8086 2F28 class=088000
0:110  0:000  PCI (00|80:05.01) : 8086 2F29 class=088000
0:110  0:000  PCI (00|80:05.02) : 8086 2F2A class=088000
0:110  0:000  PCI (00|80:05.04) : 8086 2F2C class=080020
0:110  0:000  _checkOEMPath Look for oem dir at path '\EFI\CLOVER\OEM\PowerEdge R630--AD-DE-AD-DE-AD-DE'. Dir doesn't exist.
0:110  0:000  _checkOEMPath Look for oem dir at path '\EFI\CLOVER\OEM\PowerEdge R630--AD-DE-AD-DE-AD-DE'. Dir doesn't exist.
0:110  0:000  _checkOEMPath Look for oem dir at path '\EFI\CLOVER\OEM\PowerEdge R630--AD-DE-AD-DE-AD-DE'. Dir doesn't exist.
0:110  0:000  _checkOEMPath Look for oem dir at path '\EFI\CLOVER\OEM\PowerEdge R630--AD-DE-AD-DE-AD-DE'. Dir doesn't exist.
0:110  0:000  _checkOEMPath Look for oem dir at path '\EFI\CLOVER\OEM\0CNCJW\UEFI'. Dir doesn't exist.
0:110  0:000  _checkOEMPath Look for oem dir at path '\EFI\CLOVER\OEM\PowerEdge R630'. Dir doesn't exist.
0:110  0:000  _checkOEMPath Look for oem dir at path '\EFI\CLOVER\OEM\PowerEdge R630-3400'. Dir doesn't exist.
0:110  0:000  _checkOEMPath Look for oem dir at path '\EFI\CLOVER\OEM\0CNCJW'. Dir doesn't exist.
0:110  0:000  _checkOEMPath Look for oem dir at path '\EFI\CLOVER\OEM\0CNCJW-3400'. Dir doesn't exist.
0:110  0:000  === [ GetUserSettings ] =========================
0:110  0:000  GetDefaultModel()=MacBookAir6,2
0:118  0:008  Using config.plist at path: \EFI\CLOVER
0:119  0:000  Cannot find smbios.plist at path '\EFI\CLOVER' : Not Found
0:119  0:000  '\EFI\CLOVER\smbios.plist' not loaded. Efi error Not Found
0:119  0:000  BiosVersion: MBA61.88Z.F000.B00.2106131852
0:119  0:000  BiosReleaseDate: 06/13/2021
0:119  0:000  EfiVersion: 431.140.6.0.0
0:119  0:000  got BE smUUID as:44454C4C-3800-1038-8037-C3C04F383432
0:119  0:000  Calibrated TSC Frequency = 3399992869 = 3399MHz
0:119  0:000  GOP found at: PciRoot(0x0)/Pci(0x1C,0x7)/Pci(0x0,0x0)/Pci(0x0,0x0)/Pci(0x0,0x0)/Pci(0x0,0x0)/AcpiAdr(0x80010100)
0:124  0:004  Found UEFI Acpi 2.0 RSDP at 7bab7014
0:124  0:000  === [ GetListOfThemes ] =========================
0:124  0:000  No theme dir was discovered
0:124  0:000  === [ Found config plists ] =====================
0:124  0:000  - config.plist
0:124  0:000  === [ LoadDrivers ] =============================
0:131  0:007  Loading EnglishDxe.efi status=Success
0:138  0:006  Loading VBoxHfs.efi status=Success
0:144  0:006   - driver needs connecting
0:145  0:000  Loading AptioInputFix.efi status=Success
0:146  0:001  Loading Fat.efi status=Success
0:152  0:006   - driver needs connecting
0:152  0:000  Loading SMCHelper.efi status=Success
0:153  0:000  Loading ApfsDriverLoader.efi status=Success
0:154  0:000   - driver needs connecting
0:154  0:000  Loading NvmExpressDxe.efi status=Success
0:161  0:006   - driver needs connecting
0:161  0:000  4 drivers needs connecting ...
0:161  0:000  PlatformDriverOverrideProtocol->GetDriver overriden
0:161  0:000  HFS+ driver loaded
0:161  0:000  APFS driver loaded
0:161  0:000  Searching for invalid DiskIo BY_DRIVER connects: not found, all ok
34:548  34:386  === [ InitScreen ] ==============================
34:548  0:000  Console modes reported: 1, available modes:
34:548  0:000   - [01]: 80x25 (current mode)
34:548  0:000  SetScreenResolution: 1280x1024 - setting Mode 6
34:568  0:020  Video mode change to mode #6: Success
34:569  0:000  SetScreenResolution: 1280x1024 - already set
34:570  0:001  Using embedded font
34:592  0:021  === [ ScanSPD ] =================================
34:596  0:004  === [ GetAcpiTablesList ] =======================
34:596  0:000  Found UEFI Acpi 2.0 RSDP at 7bab7014
34:596  0:000  Get Acpi Tables List from RSDT:
34:596  0:000   - [00]: FACP  PE_SC3   len=244
34:596  0:000   - [01]: MCEJ   len=304
34:596  0:000   - [02]: WD__  PE_SC3   len=308
34:596  0:000   - [03]: SLIC  PE_SC3   len=36
34:596  0:000   - [04]: HPET  PE_SC3   len=56
34:596  0:000   - [05]: APIC  PE_SC3   len=2812
34:596  0:000   - [06]: MCFG  PE_SC3   len=60
34:596  0:000   - [07]: MSCT  PE_SC3   len=144
34:596  0:000   - [08]: SLIT  PE_SC3   len=108
34:596  0:000   - [09]: SRAT  PE_SC3   len=4400
34:596  0:000   - [10]: SSDT  PE_SC3   len=1320105
34:596  0:000   - [11]: SSDT  PE_SC3   len=8575
34:596  0:000   - [12]: SSDT  PE_SC3   len=110
34:596  0:000   - [13]: PRAD  PE_SC3   len=306
34:596  0:000   - [14]: DMAR  PE_SC3   len=232
34:596  0:000   - [15]: HEST  PE_SC3   len=380
34:596  0:000   - [16]: BERT  PE_SC3   len=48
34:596  0:000   - [17]: ERST  PE_SC3   len=560
34:596  0:000   - [18]: EINJ  PE_SC3   len=336
34:616  0:019   - [00]: Drop table : DMAR,                0 :  yes
34:616  0:000   - [01]: Drop table : SSDT,       6d50757043 :  no
34:616  0:000   - [02]: Drop table : SSDT,   74734930757043 :  no
34:616  0:000   - [03]: Drop table : BGRT,                0 :  no
34:616  0:000  Custom boot CUSTOM_BOOT_USER_DISABLED (0x0)
34:616  0:000  Default theme: embedded
34:635  0:018  === [ Found DSDT tables ] =======================
34:635  0:000  === [ InitKextList ] ============================
34:642  0:006  === [ ScanVolumes ] =============================
34:642  0:000  Found 11 volumes with blockIO
34:642  0:000  - [00]: Volume: PciRoot(0x0)\Pci(0x1,0x0)\Pci(0x0,0x0)\Ctrl(0x1)\Scsi(0x7,0x0)
34:642  0:000  - [01]: Volume: PciRoot(0x0)\Pci(0x1,0x0)\Pci(0x0,0x0)\Ctrl(0x1)\Scsi(0x7,0x0)\HD(1,GPT,7E54670E-D47F-D14C-ACA2-5F4A8B433E82,0x800,0x74705000)
34:643  0:000  - [02]: Volume: PciRoot(0x0)\Pci(0x1A,0x0)\USB(0x0,0x0)\USB(0x0,0x0)
34:646  0:003          Result of bootcode detection: bootable unknown (legacy)
34:646  0:000            label : Unknown HD
34:646  0:000          This is SelfVolume !!
34:646  0:000  - [03]: Volume: PciRoot(0x0)\Pci(0x1F,0x2)\Sata(0x5,0x0,0x0)
34:646  0:000  - [04]: Volume: PciRoot(0x0)\Pci(0x2,0x0)\Pci(0x0,0x0)\NVMe(0x1,01-00-00-00-00-00-00-00)
34:646  0:000  - [05]: Volume: PciRoot(0x0)\Pci(0x2,0x0)\Pci(0x0,0x0)\NVMe(0x1,01-00-00-00-00-00-00-00)\HD(1,GPT,BD8A5621-E0DB-4BDF-8E31-4857A502A6FC,0x800,0x32000)
34:647  0:000          Result of bootcode detection: bootable unknown (legacy)
34:654  0:006            label : EFI
34:654  0:000  - [06]: Volume: PciRoot(0x0)\Pci(0x2,0x0)\Pci(0x0,0x0)\NVMe(0x1,01-00-00-00-00-00-00-00)\HD(2,GPT,22C045DC-2B4A-4A74-9A0A-C094D608B0C0,0x32800,0x800)
34:654  0:000  - [07]: Volume: PciRoot(0x0)\Pci(0x2,0x0)\Pci(0x0,0x0)\NVMe(0x1,01-00-00-00-00-00-00-00)\HD(3,GPT,5D347B37-0697-4BE7-861C-F899DB3C4068,0x33000,0x1F4000)
34:654  0:000          Result of bootcode detection: bootable unknown (legacy)
34:654  0:000  - [08]: Volume: PciRoot(0x0)\Pci(0x2,0x0)\Pci(0x0,0x0)\NVMe(0x1,01-00-00-00-00-00-00-00)\HD(4,GPT,FC0313F6-BE10-4920-94DF-2806A1BC5340,0x227000,0x800)
34:655  0:000  - [09]: Volume: PciRoot(0x0)\Pci(0x2,0x0)\Pci(0x0,0x0)\NVMe(0x1,01-00-00-00-00-00-00-00)\HD(5,GPT,D3C182CF-077F-40AE-8F67-BB8AD38DD082,0x227800,0x32000)
34:655  0:000          Result of bootcode detection: bootable unknown (legacy)
34:655  0:000  - [10]: Volume: PciRoot(0x0)\Pci(0x2,0x0)\Pci(0x0,0x0)\NVMe(0x1,01-00-00-00-00-00-00-00)\HD(6,GPT,98AA5539-A498-4760-BA0A-3EAEF71E6F91,0x259800,0xEC22800)
34:655  0:000          Result of bootcode detection: bootable unknown (legacy)
34:656  0:000  No AudioIoProtocols, status=Not Found
34:656  0:000  === [ InitXTheme ] ==============================
34:656  0:000  use night theme
34:656  0:000   using embedded theme
34:706  0:050  sound play end with status=Device Error
34:708  0:001  Using embedded font
34:708  0:000  theme inited
34:708  0:000  Chosen embedded theme
34:709  0:000  after NVRAM boot-args=
34:709  0:000  === [ Dump SMC keys from NVRAM ] ================
34:709  0:000  found AppleSMC protocol
34:727  0:018     fakesmc-key-$Adr-ui32:00 00 03 00 
34:728  0:000     fakesmc-key-$Num-ui8:01 
34:729  0:000     fakesmc-key-RMde-char:41 
34:730  0:000     fakesmc-key-#KEY-ui32:00 00 00 04 
34:734  0:004  Registered 4 SMC keys
34:735  0:000  === [ ScanLoader ] ==============================
34:735  0:000  - [02]: 'Unknown HD'
34:735  0:000        AddLoaderEntry for Volume Name=Unknown HD, idx=0
34:735  0:000        OSVersion= 
34:735  0:000        IconName=unknown comma=-1 size=7
34:735  0:000        Full=unknown
34:735  0:000        Loader entry created for 'PciRoot(0x0)\Pci(0x1A,0x0)\USB(0x0,0x0)\USB(0x0,0x0)\EFI\BOOT\BOOTX64.efi'
34:736  0:000        Menu entry added at index 0
34:736  0:000       hiding entry because DiskKind is DISK_KIND_EXTERNAL: \EFI\BOOT\BOOTX64.efi
34:736  0:000  - [05]: 'EFI'
34:792  0:056        AddLoaderEntry for Volume Name=EFI, idx=1
34:792  0:000        OSVersion= 
34:792  0:000        IconName=unknown comma=-1 size=7
34:792  0:000        Full=unknown
34:792  0:000        Loader entry created for 'PciRoot(0x0)\Pci(0x2,0x0)\Pci(0x0,0x0)\NVMe(0x1,01-00-00-00-00-00-00-00)\HD(1,GPT,BD8A5621-E0DB-4BDF-8E31-4857A502A6FC,0x800,0x32000)\EFI\BOOT\BOOTX64.efi'
34:792  0:000        Menu entry added at index 1
34:792  0:000       hiding entry because DiskKind is DISK_KIND_INTERNAL: \EFI\BOOT\BOOTX64.efi
34:792  0:000  Entries list before ordering
34:792  0:000      Entry 0 : Boot UEFI external from Unknown HD (hidden)
34:792  0:000      Entry 1 : Boot UEFI internal from EFI (hidden)
34:792  0:000  Entries after before ordering
34:792  0:000    Entry 0 : Boot UEFI external from Unknown HD (hidden)
34:792  0:000    Entry 1 : Boot UEFI internal from EFI (hidden)
34:792  0:000  Scanning legacy ...
34:792  0:000  === [ AddCustomTool ] ===========================
34:800  0:007  === [ GetEfiBootDeviceFromNvram ] ===============
34:801  0:000   - [!] efi-boot-device-data not found
34:801  0:000  Default boot entry not found
34:801  0:000  BannerPlace at Clear Screen [576,196]
34:833  0:031  AnimeRun=0
34:895  0:062  GUI ready
58:008  23:112  AnimeRun=0
89:006  30:998  AnimeRun=0
89:922  0:916  AnimeRun=0
102:786  12:863  AnimeRun=0
105:321  2:534  Start Tool: \EFI\CLOVER\tools\Shell64U.efi
105:333  0:012  Loading Shell64U.efi status=Success
281:641  176:307  ReinitRefitLib after theme change
281:641  0:000  === [ ScanVolumes ] =============================
281:641  0:000  Found 11 volumes with blockIO
281:641  0:000  - [00]: Volume: PciRoot(0x0)\Pci(0x1,0x0)\Pci(0x0,0x0)\Ctrl(0x1)\Scsi(0x7,0x0)
283:315  1:674  - [01]: Volume: PciRoot(0x0)\Pci(0x1,0x0)\Pci(0x0,0x0)\Ctrl(0x1)\Scsi(0x7,0x0)\HD(1,GPT,7E54670E-D47F-D14C-ACA2-5F4A8B433E82,0x800,0x74705000)
283:316  0:001  - [02]: Volume: PciRoot(0x0)\Pci(0x1A,0x0)\USB(0x0,0x0)\USB(0x0,0x0)
283:319  0:003          Result of bootcode detection: bootable unknown (legacy)
283:319  0:000            label : Unknown HD
283:319  0:000          This is SelfVolume !!
283:319  0:000  - [03]: Volume: PciRoot(0x0)\Pci(0x1F,0x2)\Sata(0x5,0x0,0x0)
283:319  0:000  - [04]: Volume: PciRoot(0x0)\Pci(0x2,0x0)\Pci(0x0,0x0)\NVMe(0x1,01-00-00-00-00-00-00-00)
283:324  0:004  - [05]: Volume: PciRoot(0x0)\Pci(0x2,0x0)\Pci(0x0,0x0)\NVMe(0x1,01-00-00-00-00-00-00-00)\HD(1,GPT,BD8A5621-E0DB-4BDF-8E31-4857A502A6FC,0x800,0x32000)
283:324  0:000          Result of bootcode detection: bootable unknown (legacy)
283:331  0:006            label : EFI
283:331  0:000  - [06]: Volume: PciRoot(0x0)\Pci(0x2,0x0)\Pci(0x0,0x0)\NVMe(0x1,01-00-00-00-00-00-00-00)\HD(2,GPT,22C045DC-2B4A-4A74-9A0A-C094D608B0C0,0x32800,0x800)
283:332  0:000  - [07]: Volume: PciRoot(0x0)\Pci(0x2,0x0)\Pci(0x0,0x0)\NVMe(0x1,01-00-00-00-00-00-00-00)\HD(3,GPT,5D347B37-0697-4BE7-861C-F899DB3C4068,0x33000,0x1F4000)
283:332  0:000          Result of bootcode detection: bootable unknown (legacy)
283:332  0:000  - [08]: Volume: PciRoot(0x0)\Pci(0x2,0x0)\Pci(0x0,0x0)\NVMe(0x1,01-00-00-00-00-00-00-00)\HD(4,GPT,FC0313F6-BE10-4920-94DF-2806A1BC5340,0x227000,0x800)
283:333  0:000  - [09]: Volume: PciRoot(0x0)\Pci(0x2,0x0)\Pci(0x0,0x0)\NVMe(0x1,01-00-00-00-00-00-00-00)\HD(5,GPT,D3C182CF-077F-40AE-8F67-BB8AD38DD082,0x227800,0x32000)
283:333  0:000          Result of bootcode detection: bootable unknown (legacy)
283:333  0:000  - [10]: Volume: PciRoot(0x0)\Pci(0x2,0x0)\Pci(0x0,0x0)\NVMe(0x1,01-00-00-00-00-00-00-00)\HD(6,GPT,98AA5539-A498-4760-BA0A-3EAEF71E6F91,0x259800,0xEC22800)
283:334  0:000          Result of bootcode detection: bootable unknown (legacy)
283:334  0:000  No AudioIoProtocols, status=Not Found
283:334  0:000  theme inited
283:334  0:000  Chosen embedded theme
283:334  0:000  after NVRAM boot-args=
283:335  0:000  === [ ScanLoader ] ==============================
283:335  0:000  - [02]: 'Unknown HD'
283:335  0:000        AddLoaderEntry for Volume Name=Unknown HD, idx=0
283:335  0:000        OSVersion= 
283:335  0:000        IconName=unknown comma=-1 size=7
283:335  0:000        Full=unknown
283:335  0:000        Loader entry created for 'PciRoot(0x0)\Pci(0x1A,0x0)\USB(0x0,0x0)\USB(0x0,0x0)\EFI\BOOT\BOOTX64.efi'
283:335  0:000        Menu entry added at index 0
283:335  0:000       hiding entry because DiskKind is DISK_KIND_EXTERNAL: \EFI\BOOT\BOOTX64.efi
283:335  0:000  - [05]: 'EFI'
283:392  0:056        AddLoaderEntry for Volume Name=EFI, idx=1
283:392  0:000        OSVersion= 
283:392  0:000        IconName=unknown comma=-1 size=7
283:392  0:000        Full=unknown
283:392  0:000        Loader entry created for 'PciRoot(0x0)\Pci(0x2,0x0)\Pci(0x0,0x0)\NVMe(0x1,01-00-00-00-00-00-00-00)\HD(1,GPT,BD8A5621-E0DB-4BDF-8E31-4857A502A6FC,0x800,0x32000)\EFI\BOOT\BOOTX64.efi'
283:392  0:000        Menu entry added at index 1
283:392  0:000       hiding entry because DiskKind is DISK_KIND_INTERNAL: \EFI\BOOT\BOOTX64.efi
283:392  0:000  Entries list before ordering
283:392  0:000      Entry 0 : Boot UEFI external from Unknown HD (hidden)
283:392  0:000      Entry 1 : Boot UEFI internal from EFI (hidden)
283:392  0:000  Entries after before ordering
283:392  0:000    Entry 0 : Boot UEFI external from Unknown HD (hidden)
283:392  0:000    Entry 1 : Boot UEFI internal from EFI (hidden)
283:392  0:000  Scanning legacy ...
283:392  0:000  === [ AddCustomTool ] ===========================
283:399  0:006  === [ GetEfiBootDeviceFromNvram ] ===============
283:400  0:000   - [!] efi-boot-device-data not found
283:400  0:000   - found entry 1. 'Boot UEFI internal from EFI', Volume 'EFI', DevicePath 'PciRoot(0x0)\Pci(0x2,0x0)\Pci(0x0,0x0)\NVMe(0x1,01-00-00-00-00-00-00-00)\HD(1,GPT,BD8A5621-E0DB-4BDF-8E31-4857A502A6FC,0x800,0x32000)\EFI\BOOT\BOOTX64.efi'
283:400  0:000  AnimeRun=0
283:400  0:000  SetScreenResolution: 1280x1024 - already set
294:696  11:296  AnimeRun=0
